<?xml version="1.0" encoding="UTF-8"?>
<testsuites name="TesBuyAllPopularItem" time="15" tests="1" failures="3" errors="1">
   <testsuite name="TesBuyAllPopularItem" tests="1" failures="3" errors="1" time="15" timestamp="2018-09-27 11:21:33" hostname="danandio - 172.16.141.87" id="Test Suites/TesBuyAllPopularItem">
      <properties>
         <property name="deviceName" value=""/>
         <property name="devicePlatform" value=""/>
         <property name="logFolder" value="/Users/danandio/git/KatalonGramedia/Reports/TesBuyAllPopularItem/20180927_112131"/>
         <property name="logFiles" value="/Users/danandio/git/KatalonGramedia/Reports/TesBuyAllPopularItem/20180927_112131/execution0.log"/>
         <property name="attachments" value="/Users/danandio/git/KatalonGramedia/Reports/TesBuyAllPopularItem/20180927_112131/1538022102795.png, /Users/danandio/git/KatalonGramedia/Reports/TesBuyAllPopularItem/20180927_112131/1538022104427.png"/>
         <property name="hostName" value="danandio - 172.16.141.87"/>
         <property name="os" value="Mac OS X 64bit"/>
         <property name="katalonVersion" value="5.6.3.1"/>
         <property name="browser" value="Chrome 69.0.3497.100"/>
         <property name="hostAddress" value="172.16.141.87"/>
         <property name="sessionId" value="aec799f75e9f295d64381e44cb6ed108"/>
         <property name="seleniumVersion" value="3.7.1"/>
         <property name="proxyInformation" value="ProxyInformation{proxyOption=NO_PROXY, proxyServerType=HTTP, password=, proxyServerAddress=, proxyServerPort=0}"/>
         <property name="platform" value="Mac OS X"/>
      </properties>
      <testcase name="Test Cases/LandingPage/Login" classname="Test Cases/LandingPage/Login" status="FAILED">
         <failure type="FAILED" message="Unable to set text 'null' of object 'Object Repository/Landing Page/input_email' (Root cause: java.lang.IllegalArgumentException: Text is null)"/>
         <system-out><![CDATA[2018-09-27 11:21:33 - [TEST_CASE][FAILED] - Test Cases/LandingPage/Login: Test Cases/LandingPage/Login FAILED because (of) Unable to set text 'null' of object 'Object Repository/Landing Page/input_email' (Root cause: java.lang.IllegalArgumentException: Text is null)

2018-09-27 11:21:34 - [TEST_STEP][PASSED] - openBrowser: Browser is opened with url: 'https://staging.gramedia.com/'

2018-09-27 11:21:41 - [MESSAGE][PASSED] - Browser is opened with url: 'https://staging.gramedia.com/'

2018-09-27 11:21:41 - [TEST_STEP][PASSED] - waitForElementClickable: Object 'Object Repository/Landing Page/button_Masuk' is clickable

2018-09-27 11:21:41 - [MESSAGE][PASSED] - Object 'Object Repository/Landing Page/button_Masuk' is clickable

2018-09-27 11:21:41 - [TEST_STEP][PASSED] - click: Object: 'Object Repository/Landing Page/button_Masuk' is clicked on

2018-09-27 11:21:41 - [MESSAGE][PASSED] - Object: 'Object Repository/Landing Page/button_Masuk' is clicked on

2018-09-27 11:21:41 - [TEST_STEP][PASSED] - waitForElementClickable: Object 'Object Repository/Landing Page/input_email' is clickable

2018-09-27 11:21:41 - [MESSAGE][PASSED] - Object 'Object Repository/Landing Page/input_email' is clickable

2018-09-27 11:21:41 - [TEST_STEP][PASSED] - click: Object: 'Object Repository/Landing Page/input_email' is clicked on

2018-09-27 11:21:42 - [MESSAGE][PASSED] - Object: 'Object Repository/Landing Page/input_email' is clicked on

2018-09-27 11:21:42 - [TEST_STEP][FAILED] - setText: Unable to set text 'null' of object 'Object Repository/Landing Page/input_email' (Root cause: java.lang.IllegalArgumentException: Text is null)

2018-09-27 11:21:43 - [MESSAGE][FAILED] - Unable to set text 'null' of object 'Object Repository/Landing Page/input_email' (Root cause: java.lang.IllegalArgumentException: Text is null)
[[ATTACHMENT|/Users/danandio/git/KatalonGramedia/Reports/TesBuyAllPopularItem/20180927_112131/1538022102795.png]]]]></system-out>
         <system-err><![CDATA[2018-09-27 11:21:33 - [TEST_CASE][FAILED] - Test Cases/LandingPage/Login: Test Cases/LandingPage/Login FAILED because (of) Unable to set text 'null' of object 'Object Repository/Landing Page/input_email' (Root cause: java.lang.IllegalArgumentException: Text is null)]]></system-err>
      </testcase>
      <testcase name="Test Cases/LandingPage/AddItem_Loop_PopularItemPage" classname="Test Cases/LandingPage/AddItem_Loop_PopularItemPage" status="FAILED">
         <failure type="FAILED" message="Unable to click on object 'Object Repository/Landing Page/Button_PopularItem' (Root cause: org.openqa.selenium.WebDriverException: unknown error: Element &lt;li class=&quot;carousel-cell ng-star-inserted is-selected&quot; aria-selected=&quot;true&quot; style=&quot;position: absolute; left: 0%;&quot;>...&lt;/li> is not clickable at point (388, 489). Other element would receive the click: &lt;div _ngcontent-c13=&quot;&quot; class=&quot;shadow&quot;>&lt;/div>
  (Session info: chrome=69.0.3497.100)
  (Driver info: chromedriver=2.35.528157 (4429ca2590d6988c0745c24c8858745aaaec01ef),platform=Mac OS X 10.13.6 x86_64) (WARNING: The server did not provide any stacktrace information)
Command duration or timeout: 0 milliseconds
Build info: version: '3.7.1', revision: '8a0099a', time: '2017-11-06T21:07:36.161Z'
System info: host: 'Danans-MacBook-Pro.local', ip: 'fe80:0:0:0:1044:36fa:4cb4:778%en0', os.name: 'Mac OS X', os.arch: 'x86_64', os.version: '10.13.6', java.version: '1.8.0_181'
Driver info: com.kms.katalon.selenium.driver.CChromeDriver
Capabilities {acceptInsecureCerts: false, acceptSslCerts: false, applicationCacheEnabled: false, browserConnectionEnabled: false, browserName: chrome, chrome: {chromedriverVersion: 2.35.528157 (4429ca2590d698..., userDataDir: /var/folders/f1/kfq0kt09427...}, cssSelectorsEnabled: true, databaseEnabled: false, handlesAlerts: true, hasTouchScreen: false, javascriptEnabled: true, locationContextEnabled: true, mobileEmulationEnabled: false, nativeEvents: true, networkConnectionEnabled: false, pageLoadStrategy: normal, platform: MAC, platformName: MAC, rotatable: false, setWindowRect: true, takesHeapSnapshot: true, takesScreenshot: true, unexpectedAlertBehaviour: , unhandledPromptBehavior: , version: 69.0.3497.100, webStorageEnabled: true}
Session ID: aec799f75e9f295d64381e44cb6ed108)"/>
         <system-out><![CDATA[2018-09-27 11:21:43 - [TEST_CASE][FAILED] - Test Cases/LandingPage/AddItem_Loop_PopularItemPage: Test Cases/LandingPage/AddItem_Loop_PopularItemPage FAILED because (of) Unable to click on object 'Object Repository/Landing Page/Button_PopularItem' (Root cause: org.openqa.selenium.WebDriverException: unknown error: Element <li class="carousel-cell ng-star-inserted is-selected" aria-selected="true" style="position: absolute; left: 0%;">...</li> is not clickable at point (388, 489). Other element would receive the click: <div _ngcontent-c13="" class="shadow"></div>
  (Session info: chrome=69.0.3497.100)
  (Driver info: chromedriver=2.35.528157 (4429ca2590d6988c0745c24c8858745aaaec01ef),platform=Mac OS X 10.13.6 x86_64) (WARNING: The server did not provide any stacktrace information)
Command duration or timeout: 0 milliseconds
Build info: version: '3.7.1', revision: '8a0099a', time: '2017-11-06T21:07:36.161Z'
System info: host: 'Danans-MacBook-Pro.local', ip: 'fe80:0:0:0:1044:36fa:4cb4:778%en0', os.name: 'Mac OS X', os.arch: 'x86_64', os.version: '10.13.6', java.version: '1.8.0_181'
Driver info: com.kms.katalon.selenium.driver.CChromeDriver
Capabilities {acceptInsecureCerts: false, acceptSslCerts: false, applicationCacheEnabled: false, browserConnectionEnabled: false, browserName: chrome, chrome: {chromedriverVersion: 2.35.528157 (4429ca2590d698..., userDataDir: /var/folders/f1/kfq0kt09427...}, cssSelectorsEnabled: true, databaseEnabled: false, handlesAlerts: true, hasTouchScreen: false, javascriptEnabled: true, locationContextEnabled: true, mobileEmulationEnabled: false, nativeEvents: true, networkConnectionEnabled: false, pageLoadStrategy: normal, platform: MAC, platformName: MAC, rotatable: false, setWindowRect: true, takesHeapSnapshot: true, takesScreenshot: true, unexpectedAlertBehaviour: , unhandledPromptBehavior: , version: 69.0.3497.100, webStorageEnabled: true}
Session ID: aec799f75e9f295d64381e44cb6ed108)

2018-09-27 11:21:44 - [TEST_STEP][FAILED] - Statement - For ([i = 1, i <= 5, (i++)]): Unable to click on object 'Object Repository/Landing Page/Button_PopularItem' (Root cause: org.openqa.selenium.WebDriverException: unknown error: Element <li class="carousel-cell ng-star-inserted is-selected" aria-selected="true" style="position: absolute; left: 0%;">...</li> is not clickable at point (388, 489). Other element would receive the click: <div _ngcontent-c13="" class="shadow"></div>
  (Session info: chrome=69.0.3497.100)
  (Driver info: chromedriver=2.35.528157 (4429ca2590d6988c0745c24c8858745aaaec01ef),platform=Mac OS X 10.13.6 x86_64) (WARNING: The server did not provide any stacktrace information)
Command duration or timeout: 0 milliseconds
Build info: version: '3.7.1', revision: '8a0099a', time: '2017-11-06T21:07:36.161Z'
System info: host: 'Danans-MacBook-Pro.local', ip: 'fe80:0:0:0:1044:36fa:4cb4:778%en0', os.name: 'Mac OS X', os.arch: 'x86_64', os.version: '10.13.6', java.version: '1.8.0_181'
Driver info: com.kms.katalon.selenium.driver.CChromeDriver
Capabilities {acceptInsecureCerts: false, acceptSslCerts: false, applicationCacheEnabled: false, browserConnectionEnabled: false, browserName: chrome, chrome: {chromedriverVersion: 2.35.528157 (4429ca2590d698..., userDataDir: /var/folders/f1/kfq0kt09427...}, cssSelectorsEnabled: true, databaseEnabled: false, handlesAlerts: true, hasTouchScreen: false, javascriptEnabled: true, locationContextEnabled: true, mobileEmulationEnabled: false, nativeEvents: true, networkConnectionEnabled: false, pageLoadStrategy: normal, platform: MAC, platformName: MAC, rotatable: false, setWindowRect: true, takesHeapSnapshot: true, takesScreenshot: true, unexpectedAlertBehaviour: , unhandledPromptBehavior: , version: 69.0.3497.100, webStorageEnabled: true}
Session ID: aec799f75e9f295d64381e44cb6ed108)

2018-09-27 11:21:44 - [TEST_STEP][PASSED] - waitForPageLoad: Wait for page load successfully

2018-09-27 11:21:44 - [MESSAGE][PASSED] - Wait for page load successfully

2018-09-27 11:21:44 - [TEST_STEP][FAILED] - click: Unable to click on object 'Object Repository/Landing Page/Button_PopularItem' (Root cause: org.openqa.selenium.WebDriverException: unknown error: Element <li class="carousel-cell ng-star-inserted is-selected" aria-selected="true" style="position: absolute; left: 0%;">...</li> is not clickable at point (388, 489). Other element would receive the click: <div _ngcontent-c13="" class="shadow"></div>
  (Session info: chrome=69.0.3497.100)
  (Driver info: chromedriver=2.35.528157 (4429ca2590d6988c0745c24c8858745aaaec01ef),platform=Mac OS X 10.13.6 x86_64) (WARNING: The server did not provide any stacktrace information)
Command duration or timeout: 0 milliseconds
Build info: version: '3.7.1', revision: '8a0099a', time: '2017-11-06T21:07:36.161Z'
System info: host: 'Danans-MacBook-Pro.local', ip: 'fe80:0:0:0:1044:36fa:4cb4:778%en0', os.name: 'Mac OS X', os.arch: 'x86_64', os.version: '10.13.6', java.version: '1.8.0_181'
Driver info: com.kms.katalon.selenium.driver.CChromeDriver
Capabilities {acceptInsecureCerts: false, acceptSslCerts: false, applicationCacheEnabled: false, browserConnectionEnabled: false, browserName: chrome, chrome: {chromedriverVersion: 2.35.528157 (4429ca2590d698..., userDataDir: /var/folders/f1/kfq0kt09427...}, cssSelectorsEnabled: true, databaseEnabled: false, handlesAlerts: true, hasTouchScreen: false, javascriptEnabled: true, locationContextEnabled: true, mobileEmulationEnabled: false, nativeEvents: true, networkConnectionEnabled: false, pageLoadStrategy: normal, platform: MAC, platformName: MAC, rotatable: false, setWindowRect: true, takesHeapSnapshot: true, takesScreenshot: true, unexpectedAlertBehaviour: , unhandledPromptBehavior: , version: 69.0.3497.100, webStorageEnabled: true}
Session ID: aec799f75e9f295d64381e44cb6ed108)

2018-09-27 11:21:45 - [MESSAGE][FAILED] - Unable to click on object 'Object Repository/Landing Page/Button_PopularItem' (Root cause: org.openqa.selenium.WebDriverException: unknown error: Element <li class="carousel-cell ng-star-inserted is-selected" aria-selected="true" style="position: absolute; left: 0%;">...</li> is not clickable at point (388, 489). Other element would receive the click: <div _ngcontent-c13="" class="shadow"></div>
  (Session info: chrome=69.0.3497.100)
  (Driver info: chromedriver=2.35.528157 (4429ca2590d6988c0745c24c8858745aaaec01ef),platform=Mac OS X 10.13.6 x86_64) (WARNING: The server did not provide any stacktrace information)
Command duration or timeout: 0 milliseconds
Build info: version: '3.7.1', revision: '8a0099a', time: '2017-11-06T21:07:36.161Z'
System info: host: 'Danans-MacBook-Pro.local', ip: 'fe80:0:0:0:1044:36fa:4cb4:778%en0', os.name: 'Mac OS X', os.arch: 'x86_64', os.version: '10.13.6', java.version: '1.8.0_181'
Driver info: com.kms.katalon.selenium.driver.CChromeDriver
Capabilities {acceptInsecureCerts: false, acceptSslCerts: false, applicationCacheEnabled: false, browserConnectionEnabled: false, browserName: chrome, chrome: {chromedriverVersion: 2.35.528157 (4429ca2590d698..., userDataDir: /var/folders/f1/kfq0kt09427...}, cssSelectorsEnabled: true, databaseEnabled: false, handlesAlerts: true, hasTouchScreen: false, javascriptEnabled: true, locationContextEnabled: true, mobileEmulationEnabled: false, nativeEvents: true, networkConnectionEnabled: false, pageLoadStrategy: normal, platform: MAC, platformName: MAC, rotatable: false, setWindowRect: true, takesHeapSnapshot: true, takesScreenshot: true, unexpectedAlertBehaviour: , unhandledPromptBehavior: , version: 69.0.3497.100, webStorageEnabled: true}
Session ID: aec799f75e9f295d64381e44cb6ed108)
[[ATTACHMENT|/Users/danandio/git/KatalonGramedia/Reports/TesBuyAllPopularItem/20180927_112131/1538022104427.png]]]]></system-out>
         <system-err><![CDATA[2018-09-27 11:21:43 - [TEST_CASE][FAILED] - Test Cases/LandingPage/AddItem_Loop_PopularItemPage: Test Cases/LandingPage/AddItem_Loop_PopularItemPage FAILED because (of) Unable to click on object 'Object Repository/Landing Page/Button_PopularItem' (Root cause: org.openqa.selenium.WebDriverException: unknown error: Element <li class="carousel-cell ng-star-inserted is-selected" aria-selected="true" style="position: absolute; left: 0%;">...</li> is not clickable at point (388, 489). Other element would receive the click: <div _ngcontent-c13="" class="shadow"></div>
  (Session info: chrome=69.0.3497.100)
  (Driver info: chromedriver=2.35.528157 (4429ca2590d6988c0745c24c8858745aaaec01ef),platform=Mac OS X 10.13.6 x86_64) (WARNING: The server did not provide any stacktrace information)
Command duration or timeout: 0 milliseconds
Build info: version: '3.7.1', revision: '8a0099a', time: '2017-11-06T21:07:36.161Z'
System info: host: 'Danans-MacBook-Pro.local', ip: 'fe80:0:0:0:1044:36fa:4cb4:778%en0', os.name: 'Mac OS X', os.arch: 'x86_64', os.version: '10.13.6', java.version: '1.8.0_181'
Driver info: com.kms.katalon.selenium.driver.CChromeDriver
Capabilities {acceptInsecureCerts: false, acceptSslCerts: false, applicationCacheEnabled: false, browserConnectionEnabled: false, browserName: chrome, chrome: {chromedriverVersion: 2.35.528157 (4429ca2590d698..., userDataDir: /var/folders/f1/kfq0kt09427...}, cssSelectorsEnabled: true, databaseEnabled: false, handlesAlerts: true, hasTouchScreen: false, javascriptEnabled: true, locationContextEnabled: true, mobileEmulationEnabled: false, nativeEvents: true, networkConnectionEnabled: false, pageLoadStrategy: normal, platform: MAC, platformName: MAC, rotatable: false, setWindowRect: true, takesHeapSnapshot: true, takesScreenshot: true, unexpectedAlertBehaviour: , unhandledPromptBehavior: , version: 69.0.3497.100, webStorageEnabled: true}
Session ID: aec799f75e9f295d64381e44cb6ed108)]]></system-err>
      </testcase>
      <testcase name="Test Cases/Cart/ContinueToCheckout" classname="Test Cases/Cart/ContinueToCheckout" status="ERROR">
         <error type="ERROR" message="Test Cases/Cart/ContinueToCheckout FAILED because (of) org.openqa.selenium.NoSuchWindowException: no such window: target window already closed
from unknown error: web view not found
  (Session info: chrome=69.0.3497.100)
  (Driver info: chromedriver=2.35.528157 (4429ca2590d6988c0745c24c8858745aaaec01ef),platform=Mac OS X 10.13.6 x86_64) (WARNING: The server did not provide any stacktrace information)
Command duration or timeout: 0 milliseconds
Build info: version: '3.7.1', revision: '8a0099a', time: '2017-11-06T21:07:36.161Z'
System info: host: 'Danans-MacBook-Pro.local', ip: 'fe80:0:0:0:1044:36fa:4cb4:778%en0', os.name: 'Mac OS X', os.arch: 'x86_64', os.version: '10.13.6', java.version: '1.8.0_181'
Driver info: com.kms.katalon.selenium.driver.CChromeDriver
Capabilities {acceptInsecureCerts: false, acceptSslCerts: false, applicationCacheEnabled: false, browserConnectionEnabled: false, browserName: chrome, chrome: {chromedriverVersion: 2.35.528157 (4429ca2590d698..., userDataDir: /var/folders/f1/kfq0kt09427...}, cssSelectorsEnabled: true, databaseEnabled: false, handlesAlerts: true, hasTouchScreen: false, javascriptEnabled: true, locationContextEnabled: true, mobileEmulationEnabled: false, nativeEvents: true, networkConnectionEnabled: false, pageLoadStrategy: normal, platform: MAC, platformName: MAC, rotatable: false, setWindowRect: true, takesHeapSnapshot: true, takesScreenshot: true, unexpectedAlertBehaviour: , unhandledPromptBehavior: , version: 69.0.3497.100, webStorageEnabled: true}
Session ID: aec799f75e9f295d64381e44cb6ed108
*** Element info: {Using=xpath, value=//*[@id=&quot;cart-checkout&quot;]/div/button}"/>
         <system-out><![CDATA[2018-09-27 11:21:45 - [TEST_CASE][ERROR] - Test Cases/Cart/ContinueToCheckout: Test Cases/Cart/ContinueToCheckout FAILED because (of) org.openqa.selenium.NoSuchWindowException: no such window: target window already closed
from unknown error: web view not found
  (Session info: chrome=69.0.3497.100)
  (Driver info: chromedriver=2.35.528157 (4429ca2590d6988c0745c24c8858745aaaec01ef),platform=Mac OS X 10.13.6 x86_64) (WARNING: The server did not provide any stacktrace information)
Command duration or timeout: 0 milliseconds
Build info: version: '3.7.1', revision: '8a0099a', time: '2017-11-06T21:07:36.161Z'
System info: host: 'Danans-MacBook-Pro.local', ip: 'fe80:0:0:0:1044:36fa:4cb4:778%en0', os.name: 'Mac OS X', os.arch: 'x86_64', os.version: '10.13.6', java.version: '1.8.0_181'
Driver info: com.kms.katalon.selenium.driver.CChromeDriver
Capabilities {acceptInsecureCerts: false, acceptSslCerts: false, applicationCacheEnabled: false, browserConnectionEnabled: false, browserName: chrome, chrome: {chromedriverVersion: 2.35.528157 (4429ca2590d698..., userDataDir: /var/folders/f1/kfq0kt09427...}, cssSelectorsEnabled: true, databaseEnabled: false, handlesAlerts: true, hasTouchScreen: false, javascriptEnabled: true, locationContextEnabled: true, mobileEmulationEnabled: false, nativeEvents: true, networkConnectionEnabled: false, pageLoadStrategy: normal, platform: MAC, platformName: MAC, rotatable: false, setWindowRect: true, takesHeapSnapshot: true, takesScreenshot: true, unexpectedAlertBehaviour: , unhandledPromptBehavior: , version: 69.0.3497.100, webStorageEnabled: true}
Session ID: aec799f75e9f295d64381e44cb6ed108
*** Element info: {Using=xpath, value=//*[@id="cart-checkout"]/div/button}

2018-09-27 11:21:45 - [TEST_STEP][ERROR] - customKeyword.JavascriptClick.clickUsingJS: no such window: target window already closed
from unknown error: web view not found
  (Session info: chrome=69.0.3497.100)
  (Driver info: chromedriver=2.35.528157 (4429ca2590d6988c0745c24c8858745aaaec01ef),platform=Mac OS X 10.13.6 x86_64) (WARNING: The server did not provide any stacktrace information)
Command duration or timeout: 0 milliseconds
Build info: version: '3.7.1', revision: '8a0099a', time: '2017-11-06T21:07:36.161Z'
System info: host: 'Danans-MacBook-Pro.local', ip: 'fe80:0:0:0:1044:36fa:4cb4:778%en0', os.name: 'Mac OS X', os.arch: 'x86_64', os.version: '10.13.6', java.version: '1.8.0_181'
Driver info: com.kms.katalon.selenium.driver.CChromeDriver
Capabilities {acceptInsecureCerts: false, acceptSslCerts: false, applicationCacheEnabled: false, browserConnectionEnabled: false, browserName: chrome, chrome: {chromedriverVersion: 2.35.528157 (4429ca2590d698..., userDataDir: /var/folders/f1/kfq0kt09427...}, cssSelectorsEnabled: true, databaseEnabled: false, handlesAlerts: true, hasTouchScreen: false, javascriptEnabled: true, locationContextEnabled: true, mobileEmulationEnabled: false, nativeEvents: true, networkConnectionEnabled: false, pageLoadStrategy: normal, platform: MAC, platformName: MAC, rotatable: false, setWindowRect: true, takesHeapSnapshot: true, takesScreenshot: true, unexpectedAlertBehaviour: , unhandledPromptBehavior: , version: 69.0.3497.100, webStorageEnabled: true}
Session ID: aec799f75e9f295d64381e44cb6ed108
*** Element info: {Using=xpath, value=//*[@id="cart-checkout"]/div/button}

2018-09-27 11:21:45 - [MESSAGE][WARNING] - Timeout '0' is invalid. Using default page load timeout: '30'

2018-09-27 11:21:49 - [MESSAGE][ERROR] - no such window: target window already closed
from unknown error: web view not found
  (Session info: chrome=69.0.3497.100)
  (Driver info: chromedriver=2.35.528157 (4429ca2590d6988c0745c24c8858745aaaec01ef),platform=Mac OS X 10.13.6 x86_64) (WARNING: The server did not provide any stacktrace information)
Command duration or timeout: 0 milliseconds
Build info: version: '3.7.1', revision: '8a0099a', time: '2017-11-06T21:07:36.161Z'
System info: host: 'Danans-MacBook-Pro.local', ip: 'fe80:0:0:0:1044:36fa:4cb4:778%en0', os.name: 'Mac OS X', os.arch: 'x86_64', os.version: '10.13.6', java.version: '1.8.0_181'
Driver info: com.kms.katalon.selenium.driver.CChromeDriver
Capabilities {acceptInsecureCerts: false, acceptSslCerts: false, applicationCacheEnabled: false, browserConnectionEnabled: false, browserName: chrome, chrome: {chromedriverVersion: 2.35.528157 (4429ca2590d698..., userDataDir: /var/folders/f1/kfq0kt09427...}, cssSelectorsEnabled: true, databaseEnabled: false, handlesAlerts: true, hasTouchScreen: false, javascriptEnabled: true, locationContextEnabled: true, mobileEmulationEnabled: false, nativeEvents: true, networkConnectionEnabled: false, pageLoadStrategy: normal, platform: MAC, platformName: MAC, rotatable: false, setWindowRect: true, takesHeapSnapshot: true, takesScreenshot: true, unexpectedAlertBehaviour: , unhandledPromptBehavior: , version: 69.0.3497.100, webStorageEnabled: true}
Session ID: aec799f75e9f295d64381e44cb6ed108
*** Element info: {Using=xpath, value=//*[@id="cart-checkout"]/div/button}]]></system-out>
         <system-err><![CDATA[2018-09-27 11:21:45 - [TEST_CASE][ERROR] - Test Cases/Cart/ContinueToCheckout: Test Cases/Cart/ContinueToCheckout FAILED because (of) org.openqa.selenium.NoSuchWindowException: no such window: target window already closed
from unknown error: web view not found
  (Session info: chrome=69.0.3497.100)
  (Driver info: chromedriver=2.35.528157 (4429ca2590d6988c0745c24c8858745aaaec01ef),platform=Mac OS X 10.13.6 x86_64) (WARNING: The server did not provide any stacktrace information)
Command duration or timeout: 0 milliseconds
Build info: version: '3.7.1', revision: '8a0099a', time: '2017-11-06T21:07:36.161Z'
System info: host: 'Danans-MacBook-Pro.local', ip: 'fe80:0:0:0:1044:36fa:4cb4:778%en0', os.name: 'Mac OS X', os.arch: 'x86_64', os.version: '10.13.6', java.version: '1.8.0_181'
Driver info: com.kms.katalon.selenium.driver.CChromeDriver
Capabilities {acceptInsecureCerts: false, acceptSslCerts: false, applicationCacheEnabled: false, browserConnectionEnabled: false, browserName: chrome, chrome: {chromedriverVersion: 2.35.528157 (4429ca2590d698..., userDataDir: /var/folders/f1/kfq0kt09427...}, cssSelectorsEnabled: true, databaseEnabled: false, handlesAlerts: true, hasTouchScreen: false, javascriptEnabled: true, locationContextEnabled: true, mobileEmulationEnabled: false, nativeEvents: true, networkConnectionEnabled: false, pageLoadStrategy: normal, platform: MAC, platformName: MAC, rotatable: false, setWindowRect: true, takesHeapSnapshot: true, takesScreenshot: true, unexpectedAlertBehaviour: , unhandledPromptBehavior: , version: 69.0.3497.100, webStorageEnabled: true}
Session ID: aec799f75e9f295d64381e44cb6ed108
*** Element info: {Using=xpath, value=//*[@id="cart-checkout"]/div/button}]]></system-err>
      </testcase>
      <testcase name="Test Cases/Checkout/PembayaranViaBCA_Auto" classname="Test Cases/Checkout/PembayaranViaBCA_Auto" status="FAILED">
         <failure type="FAILED" message="Unable to click on object 'Object Repository/CheckoutPage/Button_LanjutkanPmbayaran' (Root cause: org.openqa.selenium.NoSuchWindowException: no such window: target window already closed
from unknown error: web view not found
  (Session info: chrome=69.0.3497.100)
  (Driver info: chromedriver=2.35.528157 (4429ca2590d6988c0745c24c8858745aaaec01ef),platform=Mac OS X 10.13.6 x86_64) (WARNING: The server did not provide any stacktrace information)
Command duration or timeout: 0 milliseconds
Build info: version: '3.7.1', revision: '8a0099a', time: '2017-11-06T21:07:36.161Z'
System info: host: 'Danans-MacBook-Pro.local', ip: 'fe80:0:0:0:1044:36fa:4cb4:778%en0', os.name: 'Mac OS X', os.arch: 'x86_64', os.version: '10.13.6', java.version: '1.8.0_181'
Driver info: com.kms.katalon.selenium.driver.CChromeDriver
Capabilities {acceptInsecureCerts: false, acceptSslCerts: false, applicationCacheEnabled: false, browserConnectionEnabled: false, browserName: chrome, chrome: {chromedriverVersion: 2.35.528157 (4429ca2590d698..., userDataDir: /var/folders/f1/kfq0kt09427...}, cssSelectorsEnabled: true, databaseEnabled: false, handlesAlerts: true, hasTouchScreen: false, javascriptEnabled: true, locationContextEnabled: true, mobileEmulationEnabled: false, nativeEvents: true, networkConnectionEnabled: false, pageLoadStrategy: normal, platform: MAC, platformName: MAC, rotatable: false, setWindowRect: true, takesHeapSnapshot: true, takesScreenshot: true, unexpectedAlertBehaviour: , unhandledPromptBehavior: , version: 69.0.3497.100, webStorageEnabled: true}
Session ID: aec799f75e9f295d64381e44cb6ed108
*** Element info: {Using=xpath, value=//*[@id=&quot;gm-checkout-shipping&quot;]/div[2]/div[1]/div/div[2]/button})"/>
         <system-out><![CDATA[2018-09-27 11:21:49 - [TEST_CASE][FAILED] - Test Cases/Checkout/PembayaranViaBCA_Auto: Test Cases/Checkout/PembayaranViaBCA_Auto FAILED because (of) Unable to click on object 'Object Repository/CheckoutPage/Button_LanjutkanPmbayaran' (Root cause: org.openqa.selenium.NoSuchWindowException: no such window: target window already closed
from unknown error: web view not found
  (Session info: chrome=69.0.3497.100)
  (Driver info: chromedriver=2.35.528157 (4429ca2590d6988c0745c24c8858745aaaec01ef),platform=Mac OS X 10.13.6 x86_64) (WARNING: The server did not provide any stacktrace information)
Command duration or timeout: 0 milliseconds
Build info: version: '3.7.1', revision: '8a0099a', time: '2017-11-06T21:07:36.161Z'
System info: host: 'Danans-MacBook-Pro.local', ip: 'fe80:0:0:0:1044:36fa:4cb4:778%en0', os.name: 'Mac OS X', os.arch: 'x86_64', os.version: '10.13.6', java.version: '1.8.0_181'
Driver info: com.kms.katalon.selenium.driver.CChromeDriver
Capabilities {acceptInsecureCerts: false, acceptSslCerts: false, applicationCacheEnabled: false, browserConnectionEnabled: false, browserName: chrome, chrome: {chromedriverVersion: 2.35.528157 (4429ca2590d698..., userDataDir: /var/folders/f1/kfq0kt09427...}, cssSelectorsEnabled: true, databaseEnabled: false, handlesAlerts: true, hasTouchScreen: false, javascriptEnabled: true, locationContextEnabled: true, mobileEmulationEnabled: false, nativeEvents: true, networkConnectionEnabled: false, pageLoadStrategy: normal, platform: MAC, platformName: MAC, rotatable: false, setWindowRect: true, takesHeapSnapshot: true, takesScreenshot: true, unexpectedAlertBehaviour: , unhandledPromptBehavior: , version: 69.0.3497.100, webStorageEnabled: true}
Session ID: aec799f75e9f295d64381e44cb6ed108
*** Element info: {Using=xpath, value=//*[@id="gm-checkout-shipping"]/div[2]/div[1]/div/div[2]/button})

2018-09-27 11:21:49 - [TEST_STEP][FAILED] - click: Unable to click on object 'Object Repository/CheckoutPage/Button_LanjutkanPmbayaran' (Root cause: org.openqa.selenium.NoSuchWindowException: no such window: target window already closed
from unknown error: web view not found
  (Session info: chrome=69.0.3497.100)
  (Driver info: chromedriver=2.35.528157 (4429ca2590d6988c0745c24c8858745aaaec01ef),platform=Mac OS X 10.13.6 x86_64) (WARNING: The server did not provide any stacktrace information)
Command duration or timeout: 0 milliseconds
Build info: version: '3.7.1', revision: '8a0099a', time: '2017-11-06T21:07:36.161Z'
System info: host: 'Danans-MacBook-Pro.local', ip: 'fe80:0:0:0:1044:36fa:4cb4:778%en0', os.name: 'Mac OS X', os.arch: 'x86_64', os.version: '10.13.6', java.version: '1.8.0_181'
Driver info: com.kms.katalon.selenium.driver.CChromeDriver
Capabilities {acceptInsecureCerts: false, acceptSslCerts: false, applicationCacheEnabled: false, browserConnectionEnabled: false, browserName: chrome, chrome: {chromedriverVersion: 2.35.528157 (4429ca2590d698..., userDataDir: /var/folders/f1/kfq0kt09427...}, cssSelectorsEnabled: true, databaseEnabled: false, handlesAlerts: true, hasTouchScreen: false, javascriptEnabled: true, locationContextEnabled: true, mobileEmulationEnabled: false, nativeEvents: true, networkConnectionEnabled: false, pageLoadStrategy: normal, platform: MAC, platformName: MAC, rotatable: false, setWindowRect: true, takesHeapSnapshot: true, takesScreenshot: true, unexpectedAlertBehaviour: , unhandledPromptBehavior: , version: 69.0.3497.100, webStorageEnabled: true}
Session ID: aec799f75e9f295d64381e44cb6ed108
*** Element info: {Using=xpath, value=//*[@id="gm-checkout-shipping"]/div[2]/div[1]/div/div[2]/button})

2018-09-27 11:21:49 - [MESSAGE][WARNING] - Cannot take screenshot

2018-09-27 11:21:49 - [MESSAGE][FAILED] - Unable to click on object 'Object Repository/CheckoutPage/Button_LanjutkanPmbayaran' (Root cause: org.openqa.selenium.NoSuchWindowException: no such window: target window already closed
from unknown error: web view not found
  (Session info: chrome=69.0.3497.100)
  (Driver info: chromedriver=2.35.528157 (4429ca2590d6988c0745c24c8858745aaaec01ef),platform=Mac OS X 10.13.6 x86_64) (WARNING: The server did not provide any stacktrace information)
Command duration or timeout: 0 milliseconds
Build info: version: '3.7.1', revision: '8a0099a', time: '2017-11-06T21:07:36.161Z'
System info: host: 'Danans-MacBook-Pro.local', ip: 'fe80:0:0:0:1044:36fa:4cb4:778%en0', os.name: 'Mac OS X', os.arch: 'x86_64', os.version: '10.13.6', java.version: '1.8.0_181'
Driver info: com.kms.katalon.selenium.driver.CChromeDriver
Capabilities {acceptInsecureCerts: false, acceptSslCerts: false, applicationCacheEnabled: false, browserConnectionEnabled: false, browserName: chrome, chrome: {chromedriverVersion: 2.35.528157 (4429ca2590d698..., userDataDir: /var/folders/f1/kfq0kt09427...}, cssSelectorsEnabled: true, databaseEnabled: false, handlesAlerts: true, hasTouchScreen: false, javascriptEnabled: true, locationContextEnabled: true, mobileEmulationEnabled: false, nativeEvents: true, networkConnectionEnabled: false, pageLoadStrategy: normal, platform: MAC, platformName: MAC, rotatable: false, setWindowRect: true, takesHeapSnapshot: true, takesScreenshot: true, unexpectedAlertBehaviour: , unhandledPromptBehavior: , version: 69.0.3497.100, webStorageEnabled: true}
Session ID: aec799f75e9f295d64381e44cb6ed108
*** Element info: {Using=xpath, value=//*[@id="gm-checkout-shipping"]/div[2]/div[1]/div/div[2]/button})]]></system-out>
         <system-err><![CDATA[2018-09-27 11:21:49 - [TEST_CASE][FAILED] - Test Cases/Checkout/PembayaranViaBCA_Auto: Test Cases/Checkout/PembayaranViaBCA_Auto FAILED because (of) Unable to click on object 'Object Repository/CheckoutPage/Button_LanjutkanPmbayaran' (Root cause: org.openqa.selenium.NoSuchWindowException: no such window: target window already closed
from unknown error: web view not found
  (Session info: chrome=69.0.3497.100)
  (Driver info: chromedriver=2.35.528157 (4429ca2590d6988c0745c24c8858745aaaec01ef),platform=Mac OS X 10.13.6 x86_64) (WARNING: The server did not provide any stacktrace information)
Command duration or timeout: 0 milliseconds
Build info: version: '3.7.1', revision: '8a0099a', time: '2017-11-06T21:07:36.161Z'
System info: host: 'Danans-MacBook-Pro.local', ip: 'fe80:0:0:0:1044:36fa:4cb4:778%en0', os.name: 'Mac OS X', os.arch: 'x86_64', os.version: '10.13.6', java.version: '1.8.0_181'
Driver info: com.kms.katalon.selenium.driver.CChromeDriver
Capabilities {acceptInsecureCerts: false, acceptSslCerts: false, applicationCacheEnabled: false, browserConnectionEnabled: false, browserName: chrome, chrome: {chromedriverVersion: 2.35.528157 (4429ca2590d698..., userDataDir: /var/folders/f1/kfq0kt09427...}, cssSelectorsEnabled: true, databaseEnabled: false, handlesAlerts: true, hasTouchScreen: false, javascriptEnabled: true, locationContextEnabled: true, mobileEmulationEnabled: false, nativeEvents: true, networkConnectionEnabled: false, pageLoadStrategy: normal, platform: MAC, platformName: MAC, rotatable: false, setWindowRect: true, takesHeapSnapshot: true, takesScreenshot: true, unexpectedAlertBehaviour: , unhandledPromptBehavior: , version: 69.0.3497.100, webStorageEnabled: true}
Session ID: aec799f75e9f295d64381e44cb6ed108
*** Element info: {Using=xpath, value=//*[@id="gm-checkout-shipping"]/div[2]/div[1]/div/div[2]/button})]]></system-err>
      </testcase>
      <testcase name="Test Cases/LandingPage/CloseBrowser" classname="Test Cases/LandingPage/CloseBrowser" status="PASSED">
         <system-out><![CDATA[2018-09-27 11:21:49 - [TEST_CASE][PASSED] - Test Cases/LandingPage/CloseBrowser: Test Cases/LandingPage/CloseBrowser

2018-09-27 11:21:49 - [TEST_STEP][PASSED] - closeBrowser: Browser is closed

2018-09-27 11:21:49 - [MESSAGE][PASSED] - Browser is closed]]></system-out>
         <system-err><![CDATA[]]></system-err>
      </testcase>
      <system-out><![CDATA[2018-09-27 11:21:33 - [TEST_SUITE][FAILED] - TesBuyAllPopularItem: Test Cases/LandingPage/Login FAILED because (of) Unable to set text 'null' of object 'Object Repository/Landing Page/input_email' (Root cause: java.lang.IllegalArgumentException: Text is null)]]></system-out>
      <system-err><![CDATA[2018-09-27 11:21:33 - [TEST_SUITE][FAILED] - TesBuyAllPopularItem: Test Cases/LandingPage/Login FAILED because (of) Unable to set text 'null' of object 'Object Repository/Landing Page/input_email' (Root cause: java.lang.IllegalArgumentException: Text is null)]]></system-err>
   </testsuite>
</testsuites>
