<?xml version="1.0" encoding="UTF-8"?>
<testsuites name="Login" time="64" tests="2" failures="2" errors="0">
   <testsuite name="Login" tests="2" failures="2" errors="0" time="64" timestamp="2018-09-10 16:09:38" hostname="danandio - 172.16.141.56" id="Test Suites/Login">
      <properties>
         <property name="deviceName" value=""/>
         <property name="devicePlatform" value=""/>
         <property name="logFolder" value="/Users/danandio/git/KatalonGramedia/Reports/Login/20180910_160937"/>
         <property name="logFiles" value="/Users/danandio/git/KatalonGramedia/Reports/Login/20180910_160937/execution0.log"/>
         <property name="attachments" value="/Users/danandio/git/KatalonGramedia/Reports/Login/20180910_160937/1536570610080.png, /Users/danandio/git/KatalonGramedia/Reports/Login/20180910_160937/1536570642574.png"/>
         <property name="hostName" value="danandio - 172.16.141.56"/>
         <property name="os" value="Mac OS X 64bit"/>
         <property name="katalonVersion" value="5.6.3.1"/>
         <property name="browser" value="Chrome 68.0.3440.106"/>
         <property name="hostAddress" value="172.16.141.56"/>
         <property name="sessionId" value="aa785a5686c04eae7e9942f08c172528"/>
         <property name="seleniumVersion" value="3.7.1"/>
         <property name="proxyInformation" value="ProxyInformation{proxyOption=NO_PROXY, proxyServerType=HTTP, password=, proxyServerAddress=, proxyServerPort=0}"/>
         <property name="platform" value="Mac OS X"/>
      </properties>
      <testcase name="Test Cases/OpenBrowser" classname="Test Cases/OpenBrowser" status="PASSED">
         <system-out><![CDATA[2018-09-10 16:09:39 - [TEST_CASE][PASSED] - Test Cases/OpenBrowser: Test Cases/OpenBrowser

2018-09-10 16:09:39 - [TEST_STEP][PASSED] - openBrowser: Browser is opened with url: 'https://staging.gramedia.com/'

2018-09-10 16:10:07 - [MESSAGE][PASSED] - Browser is opened with url: 'https://staging.gramedia.com/']]></system-out>
         <system-err><![CDATA[]]></system-err>
      </testcase>
      <testcase name="Test Cases/LandingPage/Login" classname="Test Cases/LandingPage/Login" status="PASSED">
         <system-out><![CDATA[2018-09-10 16:10:07 - [TEST_CASE][PASSED] - Test Cases/LandingPage/Login: Test Cases/LandingPage/Login

2018-09-10 16:10:07 - [TEST_STEP][NOT_RUN] - openBrowser: NOT_RUN: openBrowser

2018-09-10 16:10:07 - [MESSAGE][NOT_RUN] - NOT_RUN: openBrowser

2018-09-10 16:10:07 - [TEST_STEP][PASSED] - waitForElementClickable: Object 'Object Repository/Page_Toko Buku Online Terbesar  Gra/Landing Page/button_Masuk' is clickable

2018-09-10 16:10:07 - [MESSAGE][PASSED] - Object 'Object Repository/Page_Toko Buku Online Terbesar  Gra/Landing Page/button_Masuk' is clickable

2018-09-10 16:10:07 - [TEST_STEP][PASSED] - click: Object: 'Object Repository/Page_Toko Buku Online Terbesar  Gra/Landing Page/button_Masuk' is clicked on

2018-09-10 16:10:07 - [MESSAGE][PASSED] - Object: 'Object Repository/Page_Toko Buku Online Terbesar  Gra/Landing Page/button_Masuk' is clicked on

2018-09-10 16:10:07 - [TEST_STEP][PASSED] - waitForElementClickable: Object 'Object Repository/Page_Toko Buku Online Terbesar  Gra/Landing Page/input_email' is clickable

2018-09-10 16:10:07 - [MESSAGE][PASSED] - Object 'Object Repository/Page_Toko Buku Online Terbesar  Gra/Landing Page/input_email' is clickable

2018-09-10 16:10:07 - [TEST_STEP][PASSED] - click: Object: 'Object Repository/Page_Toko Buku Online Terbesar  Gra/Landing Page/input_email' is clicked on

2018-09-10 16:10:07 - [MESSAGE][PASSED] - Object: 'Object Repository/Page_Toko Buku Online Terbesar  Gra/Landing Page/input_email' is clicked on

2018-09-10 16:10:07 - [TEST_STEP][PASSED] - setText: Text 'budibudi@gmail.com' is set on object 'Object Repository/Page_Toko Buku Online Terbesar  Gra/Landing Page/input_email'

2018-09-10 16:10:07 - [MESSAGE][PASSED] - Text 'budibudi@gmail.com' is set on object 'Object Repository/Page_Toko Buku Online Terbesar  Gra/Landing Page/input_email'

2018-09-10 16:10:07 - [TEST_STEP][PASSED] - click: Object: 'Object Repository/Page_Toko Buku Online Terbesar  Gra/Landing Page/input_password' is clicked on

2018-09-10 16:10:08 - [MESSAGE][PASSED] - Object: 'Object Repository/Page_Toko Buku Online Terbesar  Gra/Landing Page/input_password' is clicked on

2018-09-10 16:10:08 - [TEST_STEP][PASSED] - setText: Text 'budibudi' is set on object 'Object Repository/Page_Toko Buku Online Terbesar  Gra/Landing Page/input_password'

2018-09-10 16:10:08 - [MESSAGE][PASSED] - Text 'budibudi' is set on object 'Object Repository/Page_Toko Buku Online Terbesar  Gra/Landing Page/input_password'

2018-09-10 16:10:08 - [TEST_STEP][PASSED] - click: Object: 'Object Repository/Page_Toko Buku Online Terbesar  Gra/Landing Page/button_submitLogin' is clicked on

2018-09-10 16:10:08 - [MESSAGE][PASSED] - Object: 'Object Repository/Page_Toko Buku Online Terbesar  Gra/Landing Page/button_submitLogin' is clicked on]]></system-out>
         <system-err><![CDATA[]]></system-err>
      </testcase>
      <testcase name="Test Cases/Payment/AddBooktoCart" classname="Test Cases/Payment/AddBooktoCart" status="FAILED">
         <failure type="FAILED" message="Unable to click on object 'Object Repository/Page_Toko Buku Online Terbesar  Gra/Landing Page/Button_CategoryHeader' (Root cause: org.openqa.selenium.StaleElementReferenceException: stale element reference: element is not attached to the page document
  (Session info: chrome=68.0.3440.106)
  (Driver info: chromedriver=2.35.528157 (4429ca2590d6988c0745c24c8858745aaaec01ef),platform=Mac OS X 10.13.6 x86_64) (WARNING: The server did not provide any stacktrace information)
Command duration or timeout: 0 milliseconds
For documentation on this error, please visit: http://seleniumhq.org/exceptions/stale_element_reference.html
Build info: version: '3.7.1', revision: '8a0099a', time: '2017-11-06T21:07:36.161Z'
System info: host: 'Danans-MacBook-Pro.local', ip: 'fe80:0:0:0:f0:5aa4:99df:eb27%en0', os.name: 'Mac OS X', os.arch: 'x86_64', os.version: '10.13.6', java.version: '1.8.0_181'
Driver info: com.kms.katalon.selenium.driver.CChromeDriver
Capabilities {acceptInsecureCerts: false, acceptSslCerts: false, applicationCacheEnabled: false, browserConnectionEnabled: false, browserName: chrome, chrome: {chromedriverVersion: 2.35.528157 (4429ca2590d698..., userDataDir: /var/folders/f1/kfq0kt09427...}, cssSelectorsEnabled: true, databaseEnabled: false, handlesAlerts: true, hasTouchScreen: false, javascriptEnabled: true, locationContextEnabled: true, mobileEmulationEnabled: false, nativeEvents: true, networkConnectionEnabled: false, pageLoadStrategy: normal, platform: MAC, platformName: MAC, rotatable: false, setWindowRect: true, takesHeapSnapshot: true, takesScreenshot: true, unexpectedAlertBehaviour: , unhandledPromptBehavior: , version: 68.0.3440.106, webStorageEnabled: true}
Session ID: aa785a5686c04eae7e9942f08c172528)"/>
         <system-out><![CDATA[2018-09-10 16:10:08 - [TEST_CASE][FAILED] - Test Cases/Payment/AddBooktoCart: Test Cases/Payment/AddBooktoCart FAILED because (of) Unable to click on object 'Object Repository/Page_Toko Buku Online Terbesar  Gra/Landing Page/Button_CategoryHeader' (Root cause: org.openqa.selenium.StaleElementReferenceException: stale element reference: element is not attached to the page document
  (Session info: chrome=68.0.3440.106)
  (Driver info: chromedriver=2.35.528157 (4429ca2590d6988c0745c24c8858745aaaec01ef),platform=Mac OS X 10.13.6 x86_64) (WARNING: The server did not provide any stacktrace information)
Command duration or timeout: 0 milliseconds
For documentation on this error, please visit: http://seleniumhq.org/exceptions/stale_element_reference.html
Build info: version: '3.7.1', revision: '8a0099a', time: '2017-11-06T21:07:36.161Z'
System info: host: 'Danans-MacBook-Pro.local', ip: 'fe80:0:0:0:f0:5aa4:99df:eb27%en0', os.name: 'Mac OS X', os.arch: 'x86_64', os.version: '10.13.6', java.version: '1.8.0_181'
Driver info: com.kms.katalon.selenium.driver.CChromeDriver
Capabilities {acceptInsecureCerts: false, acceptSslCerts: false, applicationCacheEnabled: false, browserConnectionEnabled: false, browserName: chrome, chrome: {chromedriverVersion: 2.35.528157 (4429ca2590d698..., userDataDir: /var/folders/f1/kfq0kt09427...}, cssSelectorsEnabled: true, databaseEnabled: false, handlesAlerts: true, hasTouchScreen: false, javascriptEnabled: true, locationContextEnabled: true, mobileEmulationEnabled: false, nativeEvents: true, networkConnectionEnabled: false, pageLoadStrategy: normal, platform: MAC, platformName: MAC, rotatable: false, setWindowRect: true, takesHeapSnapshot: true, takesScreenshot: true, unexpectedAlertBehaviour: , unhandledPromptBehavior: , version: 68.0.3440.106, webStorageEnabled: true}
Session ID: aa785a5686c04eae7e9942f08c172528)

2018-09-10 16:10:08 - [TEST_STEP][FAILED] - click: Unable to click on object 'Object Repository/Page_Toko Buku Online Terbesar  Gra/Landing Page/Button_CategoryHeader' (Root cause: org.openqa.selenium.StaleElementReferenceException: stale element reference: element is not attached to the page document
  (Session info: chrome=68.0.3440.106)
  (Driver info: chromedriver=2.35.528157 (4429ca2590d6988c0745c24c8858745aaaec01ef),platform=Mac OS X 10.13.6 x86_64) (WARNING: The server did not provide any stacktrace information)
Command duration or timeout: 0 milliseconds
For documentation on this error, please visit: http://seleniumhq.org/exceptions/stale_element_reference.html
Build info: version: '3.7.1', revision: '8a0099a', time: '2017-11-06T21:07:36.161Z'
System info: host: 'Danans-MacBook-Pro.local', ip: 'fe80:0:0:0:f0:5aa4:99df:eb27%en0', os.name: 'Mac OS X', os.arch: 'x86_64', os.version: '10.13.6', java.version: '1.8.0_181'
Driver info: com.kms.katalon.selenium.driver.CChromeDriver
Capabilities {acceptInsecureCerts: false, acceptSslCerts: false, applicationCacheEnabled: false, browserConnectionEnabled: false, browserName: chrome, chrome: {chromedriverVersion: 2.35.528157 (4429ca2590d698..., userDataDir: /var/folders/f1/kfq0kt09427...}, cssSelectorsEnabled: true, databaseEnabled: false, handlesAlerts: true, hasTouchScreen: false, javascriptEnabled: true, locationContextEnabled: true, mobileEmulationEnabled: false, nativeEvents: true, networkConnectionEnabled: false, pageLoadStrategy: normal, platform: MAC, platformName: MAC, rotatable: false, setWindowRect: true, takesHeapSnapshot: true, takesScreenshot: true, unexpectedAlertBehaviour: , unhandledPromptBehavior: , version: 68.0.3440.106, webStorageEnabled: true}
Session ID: aa785a5686c04eae7e9942f08c172528)

2018-09-10 16:10:11 - [MESSAGE][FAILED] - Unable to click on object 'Object Repository/Page_Toko Buku Online Terbesar  Gra/Landing Page/Button_CategoryHeader' (Root cause: org.openqa.selenium.StaleElementReferenceException: stale element reference: element is not attached to the page document
  (Session info: chrome=68.0.3440.106)
  (Driver info: chromedriver=2.35.528157 (4429ca2590d6988c0745c24c8858745aaaec01ef),platform=Mac OS X 10.13.6 x86_64) (WARNING: The server did not provide any stacktrace information)
Command duration or timeout: 0 milliseconds
For documentation on this error, please visit: http://seleniumhq.org/exceptions/stale_element_reference.html
Build info: version: '3.7.1', revision: '8a0099a', time: '2017-11-06T21:07:36.161Z'
System info: host: 'Danans-MacBook-Pro.local', ip: 'fe80:0:0:0:f0:5aa4:99df:eb27%en0', os.name: 'Mac OS X', os.arch: 'x86_64', os.version: '10.13.6', java.version: '1.8.0_181'
Driver info: com.kms.katalon.selenium.driver.CChromeDriver
Capabilities {acceptInsecureCerts: false, acceptSslCerts: false, applicationCacheEnabled: false, browserConnectionEnabled: false, browserName: chrome, chrome: {chromedriverVersion: 2.35.528157 (4429ca2590d698..., userDataDir: /var/folders/f1/kfq0kt09427...}, cssSelectorsEnabled: true, databaseEnabled: false, handlesAlerts: true, hasTouchScreen: false, javascriptEnabled: true, locationContextEnabled: true, mobileEmulationEnabled: false, nativeEvents: true, networkConnectionEnabled: false, pageLoadStrategy: normal, platform: MAC, platformName: MAC, rotatable: false, setWindowRect: true, takesHeapSnapshot: true, takesScreenshot: true, unexpectedAlertBehaviour: , unhandledPromptBehavior: , version: 68.0.3440.106, webStorageEnabled: true}
Session ID: aa785a5686c04eae7e9942f08c172528)
[[ATTACHMENT|/Users/danandio/git/KatalonGramedia/Reports/Login/20180910_160937/1536570610080.png]]]]></system-out>
         <system-err><![CDATA[2018-09-10 16:10:08 - [TEST_CASE][FAILED] - Test Cases/Payment/AddBooktoCart: Test Cases/Payment/AddBooktoCart FAILED because (of) Unable to click on object 'Object Repository/Page_Toko Buku Online Terbesar  Gra/Landing Page/Button_CategoryHeader' (Root cause: org.openqa.selenium.StaleElementReferenceException: stale element reference: element is not attached to the page document
  (Session info: chrome=68.0.3440.106)
  (Driver info: chromedriver=2.35.528157 (4429ca2590d6988c0745c24c8858745aaaec01ef),platform=Mac OS X 10.13.6 x86_64) (WARNING: The server did not provide any stacktrace information)
Command duration or timeout: 0 milliseconds
For documentation on this error, please visit: http://seleniumhq.org/exceptions/stale_element_reference.html
Build info: version: '3.7.1', revision: '8a0099a', time: '2017-11-06T21:07:36.161Z'
System info: host: 'Danans-MacBook-Pro.local', ip: 'fe80:0:0:0:f0:5aa4:99df:eb27%en0', os.name: 'Mac OS X', os.arch: 'x86_64', os.version: '10.13.6', java.version: '1.8.0_181'
Driver info: com.kms.katalon.selenium.driver.CChromeDriver
Capabilities {acceptInsecureCerts: false, acceptSslCerts: false, applicationCacheEnabled: false, browserConnectionEnabled: false, browserName: chrome, chrome: {chromedriverVersion: 2.35.528157 (4429ca2590d698..., userDataDir: /var/folders/f1/kfq0kt09427...}, cssSelectorsEnabled: true, databaseEnabled: false, handlesAlerts: true, hasTouchScreen: false, javascriptEnabled: true, locationContextEnabled: true, mobileEmulationEnabled: false, nativeEvents: true, networkConnectionEnabled: false, pageLoadStrategy: normal, platform: MAC, platformName: MAC, rotatable: false, setWindowRect: true, takesHeapSnapshot: true, takesScreenshot: true, unexpectedAlertBehaviour: , unhandledPromptBehavior: , version: 68.0.3440.106, webStorageEnabled: true}
Session ID: aa785a5686c04eae7e9942f08c172528)]]></system-err>
      </testcase>
      <testcase name="Test Cases/Payment/CheckoutPayment" classname="Test Cases/Payment/CheckoutPayment" status="FAILED">
         <failure type="FAILED" message="Unable to click on object 'Object Repository/CheckoutPage/Button_LanjutkanPmbayaran' (Root cause: com.kms.katalon.core.webui.exception.WebElementNotFoundException: Web element with id: 'Object Repository/CheckoutPage/Button_LanjutkanPmbayaran' located by 'By.xpath: //*[@id=&quot;gm-checkout-shipping&quot;]/div[2]/div[1]/div/div[2]/button' not found)"/>
         <system-out><![CDATA[2018-09-10 16:10:11 - [TEST_CASE][FAILED] - Test Cases/Payment/CheckoutPayment: Test Cases/Payment/CheckoutPayment FAILED because (of) Unable to click on object 'Object Repository/CheckoutPage/Button_LanjutkanPmbayaran' (Root cause: com.kms.katalon.core.webui.exception.WebElementNotFoundException: Web element with id: 'Object Repository/CheckoutPage/Button_LanjutkanPmbayaran' located by 'By.xpath: //*[@id="gm-checkout-shipping"]/div[2]/div[1]/div/div[2]/button' not found)

2018-09-10 16:10:11 - [TEST_STEP][FAILED] - click: Unable to click on object 'Object Repository/CheckoutPage/Button_LanjutkanPmbayaran' (Root cause: com.kms.katalon.core.webui.exception.WebElementNotFoundException: Web element with id: 'Object Repository/CheckoutPage/Button_LanjutkanPmbayaran' located by 'By.xpath: //*[@id="gm-checkout-shipping"]/div[2]/div[1]/div/div[2]/button' not found)

2018-09-10 16:10:43 - [MESSAGE][FAILED] - Unable to click on object 'Object Repository/CheckoutPage/Button_LanjutkanPmbayaran' (Root cause: com.kms.katalon.core.webui.exception.WebElementNotFoundException: Web element with id: 'Object Repository/CheckoutPage/Button_LanjutkanPmbayaran' located by 'By.xpath: //*[@id="gm-checkout-shipping"]/div[2]/div[1]/div/div[2]/button' not found)
[[ATTACHMENT|/Users/danandio/git/KatalonGramedia/Reports/Login/20180910_160937/1536570642574.png]]]]></system-out>
         <system-err><![CDATA[2018-09-10 16:10:11 - [TEST_CASE][FAILED] - Test Cases/Payment/CheckoutPayment: Test Cases/Payment/CheckoutPayment FAILED because (of) Unable to click on object 'Object Repository/CheckoutPage/Button_LanjutkanPmbayaran' (Root cause: com.kms.katalon.core.webui.exception.WebElementNotFoundException: Web element with id: 'Object Repository/CheckoutPage/Button_LanjutkanPmbayaran' located by 'By.xpath: //*[@id="gm-checkout-shipping"]/div[2]/div[1]/div/div[2]/button' not found)]]></system-err>
      </testcase>
      <system-out><![CDATA[2018-09-10 16:09:38 - [TEST_SUITE][FAILED] - Login: Test Cases/Payment/AddBooktoCart FAILED because (of) Unable to click on object 'Object Repository/Page_Toko Buku Online Terbesar  Gra/Landing Page/Button_CategoryHeader' (Root cause: org.openqa.selenium.StaleElementReferenceException: stale element reference: element is not attached to the page document
  (Session info: chrome=68.0.3440.106)
  (Driver info: chromedriver=2.35.528157 (4429ca2590d6988c0745c24c8858745aaaec01ef),platform=Mac OS X 10.13.6 x86_64) (WARNING: The server did not provide any stacktrace information)
Command duration or timeout: 0 milliseconds
For documentation on this error, please visit: http://seleniumhq.org/exceptions/stale_element_reference.html
Build info: version: '3.7.1', revision: '8a0099a', time: '2017-11-06T21:07:36.161Z'
System info: host: 'Danans-MacBook-Pro.local', ip: 'fe80:0:0:0:f0:5aa4:99df:eb27%en0', os.name: 'Mac OS X', os.arch: 'x86_64', os.version: '10.13.6', java.version: '1.8.0_181'
Driver info: com.kms.katalon.selenium.driver.CChromeDriver
Capabilities {acceptInsecureCerts: false, acceptSslCerts: false, applicationCacheEnabled: false, browserConnectionEnabled: false, browserName: chrome, chrome: {chromedriverVersion: 2.35.528157 (4429ca2590d698..., userDataDir: /var/folders/f1/kfq0kt09427...}, cssSelectorsEnabled: true, databaseEnabled: false, handlesAlerts: true, hasTouchScreen: false, javascriptEnabled: true, locationContextEnabled: true, mobileEmulationEnabled: false, nativeEvents: true, networkConnectionEnabled: false, pageLoadStrategy: normal, platform: MAC, platformName: MAC, rotatable: false, setWindowRect: true, takesHeapSnapshot: true, takesScreenshot: true, unexpectedAlertBehaviour: , unhandledPromptBehavior: , version: 68.0.3440.106, webStorageEnabled: true}
Session ID: aa785a5686c04eae7e9942f08c172528)]]></system-out>
      <system-err><![CDATA[2018-09-10 16:09:38 - [TEST_SUITE][FAILED] - Login: Test Cases/Payment/AddBooktoCart FAILED because (of) Unable to click on object 'Object Repository/Page_Toko Buku Online Terbesar  Gra/Landing Page/Button_CategoryHeader' (Root cause: org.openqa.selenium.StaleElementReferenceException: stale element reference: element is not attached to the page document
  (Session info: chrome=68.0.3440.106)
  (Driver info: chromedriver=2.35.528157 (4429ca2590d6988c0745c24c8858745aaaec01ef),platform=Mac OS X 10.13.6 x86_64) (WARNING: The server did not provide any stacktrace information)
Command duration or timeout: 0 milliseconds
For documentation on this error, please visit: http://seleniumhq.org/exceptions/stale_element_reference.html
Build info: version: '3.7.1', revision: '8a0099a', time: '2017-11-06T21:07:36.161Z'
System info: host: 'Danans-MacBook-Pro.local', ip: 'fe80:0:0:0:f0:5aa4:99df:eb27%en0', os.name: 'Mac OS X', os.arch: 'x86_64', os.version: '10.13.6', java.version: '1.8.0_181'
Driver info: com.kms.katalon.selenium.driver.CChromeDriver
Capabilities {acceptInsecureCerts: false, acceptSslCerts: false, applicationCacheEnabled: false, browserConnectionEnabled: false, browserName: chrome, chrome: {chromedriverVersion: 2.35.528157 (4429ca2590d698..., userDataDir: /var/folders/f1/kfq0kt09427...}, cssSelectorsEnabled: true, databaseEnabled: false, handlesAlerts: true, hasTouchScreen: false, javascriptEnabled: true, locationContextEnabled: true, mobileEmulationEnabled: false, nativeEvents: true, networkConnectionEnabled: false, pageLoadStrategy: normal, platform: MAC, platformName: MAC, rotatable: false, setWindowRect: true, takesHeapSnapshot: true, takesScreenshot: true, unexpectedAlertBehaviour: , unhandledPromptBehavior: , version: 68.0.3440.106, webStorageEnabled: true}
Session ID: aa785a5686c04eae7e9942f08c172528)]]></system-err>
   </testsuite>
</testsuites>
