<?xml version="1.0" encoding="UTF-8"?>
<testsuites name="Login" time="39" tests="2" failures="2" errors="0">
   <testsuite name="Login" tests="2" failures="2" errors="0" time="39" timestamp="2018-09-10 15:50:04" hostname="danandio - 172.16.141.56" id="Test Suites/Login">
      <properties>
         <property name="deviceName" value=""/>
         <property name="devicePlatform" value=""/>
         <property name="logFolder" value="/Users/danandio/git/KatalonGramedia/Reports/Login/20180910_155003"/>
         <property name="logFiles" value="/Users/danandio/git/KatalonGramedia/Reports/Login/20180910_155003/execution0.log"/>
         <property name="attachments" value="/Users/danandio/git/KatalonGramedia/Reports/Login/20180910_155003/1536569427980.png"/>
         <property name="hostName" value="danandio - 172.16.141.56"/>
         <property name="os" value="Mac OS X 64bit"/>
         <property name="katalonVersion" value="5.6.3.1"/>
         <property name="browser" value="Chrome 68.0.3440.106"/>
         <property name="hostAddress" value="172.16.141.56"/>
         <property name="sessionId" value="6543bdd43fa3454b0aba22386628bc43"/>
         <property name="seleniumVersion" value="3.7.1"/>
         <property name="proxyInformation" value="ProxyInformation{proxyOption=NO_PROXY, proxyServerType=HTTP, password=, proxyServerAddress=, proxyServerPort=0}"/>
         <property name="platform" value="Mac OS X"/>
      </properties>
      <testcase name="Test Cases/OpenBrowser" classname="Test Cases/OpenBrowser" status="PASSED">
         <system-out><![CDATA[2018-09-10 15:50:05 - [TEST_CASE][PASSED] - Test Cases/OpenBrowser: Test Cases/OpenBrowser

2018-09-10 15:50:05 - [TEST_STEP][PASSED] - openBrowser: Browser is opened with url: 'https://staging.gramedia.com/'

2018-09-10 15:50:13 - [MESSAGE][PASSED] - Browser is opened with url: 'https://staging.gramedia.com/']]></system-out>
         <system-err><![CDATA[]]></system-err>
      </testcase>
      <testcase name="Test Cases/LandingPage/Login" classname="Test Cases/LandingPage/Login" status="PASSED">
         <system-out><![CDATA[2018-09-10 15:50:13 - [TEST_CASE][PASSED] - Test Cases/LandingPage/Login: Test Cases/LandingPage/Login

2018-09-10 15:50:13 - [TEST_STEP][NOT_RUN] - openBrowser: NOT_RUN: openBrowser

2018-09-10 15:50:13 - [MESSAGE][NOT_RUN] - NOT_RUN: openBrowser

2018-09-10 15:50:13 - [TEST_STEP][PASSED] - waitForElementClickable: Object 'Object Repository/Page_Toko Buku Online Terbesar  Gra/Landing Page/button_Masuk' is clickable

2018-09-10 15:50:14 - [MESSAGE][PASSED] - Object 'Object Repository/Page_Toko Buku Online Terbesar  Gra/Landing Page/button_Masuk' is clickable

2018-09-10 15:50:14 - [TEST_STEP][PASSED] - click: Object: 'Object Repository/Page_Toko Buku Online Terbesar  Gra/Landing Page/button_Masuk' is clicked on

2018-09-10 15:50:14 - [MESSAGE][PASSED] - Object: 'Object Repository/Page_Toko Buku Online Terbesar  Gra/Landing Page/button_Masuk' is clicked on

2018-09-10 15:50:14 - [TEST_STEP][PASSED] - waitForElementClickable: Object 'Object Repository/Page_Toko Buku Online Terbesar  Gra/Landing Page/input_email' is clickable

2018-09-10 15:50:14 - [MESSAGE][PASSED] - Object 'Object Repository/Page_Toko Buku Online Terbesar  Gra/Landing Page/input_email' is clickable

2018-09-10 15:50:14 - [TEST_STEP][PASSED] - click: Object: 'Object Repository/Page_Toko Buku Online Terbesar  Gra/Landing Page/input_email' is clicked on

2018-09-10 15:50:14 - [MESSAGE][PASSED] - Object: 'Object Repository/Page_Toko Buku Online Terbesar  Gra/Landing Page/input_email' is clicked on

2018-09-10 15:50:14 - [TEST_STEP][PASSED] - setText: Text 'budibudi@gmail.com' is set on object 'Object Repository/Page_Toko Buku Online Terbesar  Gra/Landing Page/input_email'

2018-09-10 15:50:14 - [MESSAGE][PASSED] - Text 'budibudi@gmail.com' is set on object 'Object Repository/Page_Toko Buku Online Terbesar  Gra/Landing Page/input_email'

2018-09-10 15:50:14 - [TEST_STEP][PASSED] - click: Object: 'Object Repository/Page_Toko Buku Online Terbesar  Gra/Landing Page/input_password' is clicked on

2018-09-10 15:50:15 - [MESSAGE][PASSED] - Object: 'Object Repository/Page_Toko Buku Online Terbesar  Gra/Landing Page/input_password' is clicked on

2018-09-10 15:50:15 - [TEST_STEP][PASSED] - setText: Text 'budibudi' is set on object 'Object Repository/Page_Toko Buku Online Terbesar  Gra/Landing Page/input_password'

2018-09-10 15:50:15 - [MESSAGE][PASSED] - Text 'budibudi' is set on object 'Object Repository/Page_Toko Buku Online Terbesar  Gra/Landing Page/input_password'

2018-09-10 15:50:15 - [TEST_STEP][PASSED] - click: Object: 'Object Repository/Page_Toko Buku Online Terbesar  Gra/Landing Page/button_submitLogin' is clicked on

2018-09-10 15:50:15 - [MESSAGE][PASSED] - Object: 'Object Repository/Page_Toko Buku Online Terbesar  Gra/Landing Page/button_submitLogin' is clicked on]]></system-out>
         <system-err><![CDATA[]]></system-err>
      </testcase>
      <testcase name="Test Cases/Payment/AddBooktoCart" classname="Test Cases/Payment/AddBooktoCart" status="FAILED">
         <failure type="FAILED" message="Unable to click on object 'Object Repository/PDPPage/TambahKeranjang' (Root cause: org.openqa.selenium.ElementNotVisibleException: element not visible
  (Session info: chrome=68.0.3440.106)
  (Driver info: chromedriver=2.35.528157 (4429ca2590d6988c0745c24c8858745aaaec01ef),platform=Mac OS X 10.13.6 x86_64) (WARNING: The server did not provide any stacktrace information)
Command duration or timeout: 0 milliseconds
Build info: version: '3.7.1', revision: '8a0099a', time: '2017-11-06T21:07:36.161Z'
System info: host: 'Danans-MacBook-Pro.local', ip: 'fe80:0:0:0:f0:5aa4:99df:eb27%en0', os.name: 'Mac OS X', os.arch: 'x86_64', os.version: '10.13.6', java.version: '1.8.0_181'
Driver info: com.kms.katalon.selenium.driver.CChromeDriver
Capabilities {acceptInsecureCerts: false, acceptSslCerts: false, applicationCacheEnabled: false, browserConnectionEnabled: false, browserName: chrome, chrome: {chromedriverVersion: 2.35.528157 (4429ca2590d698..., userDataDir: /var/folders/f1/kfq0kt09427...}, cssSelectorsEnabled: true, databaseEnabled: false, handlesAlerts: true, hasTouchScreen: false, javascriptEnabled: true, locationContextEnabled: true, mobileEmulationEnabled: false, nativeEvents: true, networkConnectionEnabled: false, pageLoadStrategy: normal, platform: MAC, platformName: MAC, rotatable: false, setWindowRect: true, takesHeapSnapshot: true, takesScreenshot: true, unexpectedAlertBehaviour: , unhandledPromptBehavior: , version: 68.0.3440.106, webStorageEnabled: true}
Session ID: 6543bdd43fa3454b0aba22386628bc43)"/>
         <system-out><![CDATA[2018-09-10 15:50:15 - [TEST_CASE][FAILED] - Test Cases/Payment/AddBooktoCart: Test Cases/Payment/AddBooktoCart FAILED because (of) Unable to click on object 'Object Repository/PDPPage/TambahKeranjang' (Root cause: org.openqa.selenium.ElementNotVisibleException: element not visible
  (Session info: chrome=68.0.3440.106)
  (Driver info: chromedriver=2.35.528157 (4429ca2590d6988c0745c24c8858745aaaec01ef),platform=Mac OS X 10.13.6 x86_64) (WARNING: The server did not provide any stacktrace information)
Command duration or timeout: 0 milliseconds
Build info: version: '3.7.1', revision: '8a0099a', time: '2017-11-06T21:07:36.161Z'
System info: host: 'Danans-MacBook-Pro.local', ip: 'fe80:0:0:0:f0:5aa4:99df:eb27%en0', os.name: 'Mac OS X', os.arch: 'x86_64', os.version: '10.13.6', java.version: '1.8.0_181'
Driver info: com.kms.katalon.selenium.driver.CChromeDriver
Capabilities {acceptInsecureCerts: false, acceptSslCerts: false, applicationCacheEnabled: false, browserConnectionEnabled: false, browserName: chrome, chrome: {chromedriverVersion: 2.35.528157 (4429ca2590d698..., userDataDir: /var/folders/f1/kfq0kt09427...}, cssSelectorsEnabled: true, databaseEnabled: false, handlesAlerts: true, hasTouchScreen: false, javascriptEnabled: true, locationContextEnabled: true, mobileEmulationEnabled: false, nativeEvents: true, networkConnectionEnabled: false, pageLoadStrategy: normal, platform: MAC, platformName: MAC, rotatable: false, setWindowRect: true, takesHeapSnapshot: true, takesScreenshot: true, unexpectedAlertBehaviour: , unhandledPromptBehavior: , version: 68.0.3440.106, webStorageEnabled: true}
Session ID: 6543bdd43fa3454b0aba22386628bc43)

2018-09-10 15:50:15 - [TEST_STEP][PASSED] - click: Object: 'Object Repository/Page_Toko Buku Online Terbesar  Gra/Landing Page/Button_CategoryHeader' is clicked on

2018-09-10 15:50:19 - [MESSAGE][PASSED] - Object: 'Object Repository/Page_Toko Buku Online Terbesar  Gra/Landing Page/Button_CategoryHeader' is clicked on

2018-09-10 15:50:19 - [TEST_STEP][PASSED] - click: Object: 'Object Repository/Page_Toko Buku Online Terbesar  Gra/Landing Page/button_businessCategory' is clicked on

2018-09-10 15:50:20 - [MESSAGE][PASSED] - Object: 'Object Repository/Page_Toko Buku Online Terbesar  Gra/Landing Page/button_businessCategory' is clicked on

2018-09-10 15:50:20 - [TEST_STEP][PASSED] - click: Object: 'Object Repository/SearchPage/ItemTestMetaPagination' is clicked on

2018-09-10 15:50:25 - [MESSAGE][PASSED] - Object: 'Object Repository/SearchPage/ItemTestMetaPagination' is clicked on

2018-09-10 15:50:25 - [TEST_STEP][FAILED] - click: Unable to click on object 'Object Repository/PDPPage/TambahKeranjang' (Root cause: org.openqa.selenium.ElementNotVisibleException: element not visible
  (Session info: chrome=68.0.3440.106)
  (Driver info: chromedriver=2.35.528157 (4429ca2590d6988c0745c24c8858745aaaec01ef),platform=Mac OS X 10.13.6 x86_64) (WARNING: The server did not provide any stacktrace information)
Command duration or timeout: 0 milliseconds
Build info: version: '3.7.1', revision: '8a0099a', time: '2017-11-06T21:07:36.161Z'
System info: host: 'Danans-MacBook-Pro.local', ip: 'fe80:0:0:0:f0:5aa4:99df:eb27%en0', os.name: 'Mac OS X', os.arch: 'x86_64', os.version: '10.13.6', java.version: '1.8.0_181'
Driver info: com.kms.katalon.selenium.driver.CChromeDriver
Capabilities {acceptInsecureCerts: false, acceptSslCerts: false, applicationCacheEnabled: false, browserConnectionEnabled: false, browserName: chrome, chrome: {chromedriverVersion: 2.35.528157 (4429ca2590d698..., userDataDir: /var/folders/f1/kfq0kt09427...}, cssSelectorsEnabled: true, databaseEnabled: false, handlesAlerts: true, hasTouchScreen: false, javascriptEnabled: true, locationContextEnabled: true, mobileEmulationEnabled: false, nativeEvents: true, networkConnectionEnabled: false, pageLoadStrategy: normal, platform: MAC, platformName: MAC, rotatable: false, setWindowRect: true, takesHeapSnapshot: true, takesScreenshot: true, unexpectedAlertBehaviour: , unhandledPromptBehavior: , version: 68.0.3440.106, webStorageEnabled: true}
Session ID: 6543bdd43fa3454b0aba22386628bc43)

2018-09-10 15:50:28 - [MESSAGE][FAILED] - Unable to click on object 'Object Repository/PDPPage/TambahKeranjang' (Root cause: org.openqa.selenium.ElementNotVisibleException: element not visible
  (Session info: chrome=68.0.3440.106)
  (Driver info: chromedriver=2.35.528157 (4429ca2590d6988c0745c24c8858745aaaec01ef),platform=Mac OS X 10.13.6 x86_64) (WARNING: The server did not provide any stacktrace information)
Command duration or timeout: 0 milliseconds
Build info: version: '3.7.1', revision: '8a0099a', time: '2017-11-06T21:07:36.161Z'
System info: host: 'Danans-MacBook-Pro.local', ip: 'fe80:0:0:0:f0:5aa4:99df:eb27%en0', os.name: 'Mac OS X', os.arch: 'x86_64', os.version: '10.13.6', java.version: '1.8.0_181'
Driver info: com.kms.katalon.selenium.driver.CChromeDriver
Capabilities {acceptInsecureCerts: false, acceptSslCerts: false, applicationCacheEnabled: false, browserConnectionEnabled: false, browserName: chrome, chrome: {chromedriverVersion: 2.35.528157 (4429ca2590d698..., userDataDir: /var/folders/f1/kfq0kt09427...}, cssSelectorsEnabled: true, databaseEnabled: false, handlesAlerts: true, hasTouchScreen: false, javascriptEnabled: true, locationContextEnabled: true, mobileEmulationEnabled: false, nativeEvents: true, networkConnectionEnabled: false, pageLoadStrategy: normal, platform: MAC, platformName: MAC, rotatable: false, setWindowRect: true, takesHeapSnapshot: true, takesScreenshot: true, unexpectedAlertBehaviour: , unhandledPromptBehavior: , version: 68.0.3440.106, webStorageEnabled: true}
Session ID: 6543bdd43fa3454b0aba22386628bc43)
[[ATTACHMENT|/Users/danandio/git/KatalonGramedia/Reports/Login/20180910_155003/1536569427980.png]]]]></system-out>
         <system-err><![CDATA[2018-09-10 15:50:15 - [TEST_CASE][FAILED] - Test Cases/Payment/AddBooktoCart: Test Cases/Payment/AddBooktoCart FAILED because (of) Unable to click on object 'Object Repository/PDPPage/TambahKeranjang' (Root cause: org.openqa.selenium.ElementNotVisibleException: element not visible
  (Session info: chrome=68.0.3440.106)
  (Driver info: chromedriver=2.35.528157 (4429ca2590d6988c0745c24c8858745aaaec01ef),platform=Mac OS X 10.13.6 x86_64) (WARNING: The server did not provide any stacktrace information)
Command duration or timeout: 0 milliseconds
Build info: version: '3.7.1', revision: '8a0099a', time: '2017-11-06T21:07:36.161Z'
System info: host: 'Danans-MacBook-Pro.local', ip: 'fe80:0:0:0:f0:5aa4:99df:eb27%en0', os.name: 'Mac OS X', os.arch: 'x86_64', os.version: '10.13.6', java.version: '1.8.0_181'
Driver info: com.kms.katalon.selenium.driver.CChromeDriver
Capabilities {acceptInsecureCerts: false, acceptSslCerts: false, applicationCacheEnabled: false, browserConnectionEnabled: false, browserName: chrome, chrome: {chromedriverVersion: 2.35.528157 (4429ca2590d698..., userDataDir: /var/folders/f1/kfq0kt09427...}, cssSelectorsEnabled: true, databaseEnabled: false, handlesAlerts: true, hasTouchScreen: false, javascriptEnabled: true, locationContextEnabled: true, mobileEmulationEnabled: false, nativeEvents: true, networkConnectionEnabled: false, pageLoadStrategy: normal, platform: MAC, platformName: MAC, rotatable: false, setWindowRect: true, takesHeapSnapshot: true, takesScreenshot: true, unexpectedAlertBehaviour: , unhandledPromptBehavior: , version: 68.0.3440.106, webStorageEnabled: true}
Session ID: 6543bdd43fa3454b0aba22386628bc43)]]></system-err>
      </testcase>
      <testcase name="Test Cases/Payment/CheckoutPayment" classname="Test Cases/Payment/CheckoutPayment" status="FAILED">
         <failure type="FAILED" message="Unable to click on object 'Object Repository/CheckoutPage/Button_LanjutkanPmbayaran' (Root cause: org.openqa.selenium.NoSuchWindowException: no such window: window was already closed
  (Session info: chrome=68.0.3440.106)
  (Driver info: chromedriver=2.35.528157 (4429ca2590d6988c0745c24c8858745aaaec01ef),platform=Mac OS X 10.13.6 x86_64) (WARNING: The server did not provide any stacktrace information)
Command duration or timeout: 0 milliseconds
Build info: version: '3.7.1', revision: '8a0099a', time: '2017-11-06T21:07:36.161Z'
System info: host: 'Danans-MacBook-Pro.local', ip: 'fe80:0:0:0:f0:5aa4:99df:eb27%en0', os.name: 'Mac OS X', os.arch: 'x86_64', os.version: '10.13.6', java.version: '1.8.0_181'
Driver info: com.kms.katalon.selenium.driver.CChromeDriver
Capabilities {acceptInsecureCerts: false, acceptSslCerts: false, applicationCacheEnabled: false, browserConnectionEnabled: false, browserName: chrome, chrome: {chromedriverVersion: 2.35.528157 (4429ca2590d698..., userDataDir: /var/folders/f1/kfq0kt09427...}, cssSelectorsEnabled: true, databaseEnabled: false, handlesAlerts: true, hasTouchScreen: false, javascriptEnabled: true, locationContextEnabled: true, mobileEmulationEnabled: false, nativeEvents: true, networkConnectionEnabled: false, pageLoadStrategy: normal, platform: MAC, platformName: MAC, rotatable: false, setWindowRect: true, takesHeapSnapshot: true, takesScreenshot: true, unexpectedAlertBehaviour: , unhandledPromptBehavior: , version: 68.0.3440.106, webStorageEnabled: true}
Session ID: 6543bdd43fa3454b0aba22386628bc43
*** Element info: {Using=xpath, value=//*[@id=&quot;gm-checkout-shipping&quot;]/div[2]/div[1]/div/div[2]/button})"/>
         <system-out><![CDATA[2018-09-10 15:50:28 - [TEST_CASE][FAILED] - Test Cases/Payment/CheckoutPayment: Test Cases/Payment/CheckoutPayment FAILED because (of) Unable to click on object 'Object Repository/CheckoutPage/Button_LanjutkanPmbayaran' (Root cause: org.openqa.selenium.NoSuchWindowException: no such window: window was already closed
  (Session info: chrome=68.0.3440.106)
  (Driver info: chromedriver=2.35.528157 (4429ca2590d6988c0745c24c8858745aaaec01ef),platform=Mac OS X 10.13.6 x86_64) (WARNING: The server did not provide any stacktrace information)
Command duration or timeout: 0 milliseconds
Build info: version: '3.7.1', revision: '8a0099a', time: '2017-11-06T21:07:36.161Z'
System info: host: 'Danans-MacBook-Pro.local', ip: 'fe80:0:0:0:f0:5aa4:99df:eb27%en0', os.name: 'Mac OS X', os.arch: 'x86_64', os.version: '10.13.6', java.version: '1.8.0_181'
Driver info: com.kms.katalon.selenium.driver.CChromeDriver
Capabilities {acceptInsecureCerts: false, acceptSslCerts: false, applicationCacheEnabled: false, browserConnectionEnabled: false, browserName: chrome, chrome: {chromedriverVersion: 2.35.528157 (4429ca2590d698..., userDataDir: /var/folders/f1/kfq0kt09427...}, cssSelectorsEnabled: true, databaseEnabled: false, handlesAlerts: true, hasTouchScreen: false, javascriptEnabled: true, locationContextEnabled: true, mobileEmulationEnabled: false, nativeEvents: true, networkConnectionEnabled: false, pageLoadStrategy: normal, platform: MAC, platformName: MAC, rotatable: false, setWindowRect: true, takesHeapSnapshot: true, takesScreenshot: true, unexpectedAlertBehaviour: , unhandledPromptBehavior: , version: 68.0.3440.106, webStorageEnabled: true}
Session ID: 6543bdd43fa3454b0aba22386628bc43
*** Element info: {Using=xpath, value=//*[@id="gm-checkout-shipping"]/div[2]/div[1]/div/div[2]/button})

2018-09-10 15:50:28 - [TEST_STEP][FAILED] - click: Unable to click on object 'Object Repository/CheckoutPage/Button_LanjutkanPmbayaran' (Root cause: org.openqa.selenium.NoSuchWindowException: no such window: window was already closed
  (Session info: chrome=68.0.3440.106)
  (Driver info: chromedriver=2.35.528157 (4429ca2590d6988c0745c24c8858745aaaec01ef),platform=Mac OS X 10.13.6 x86_64) (WARNING: The server did not provide any stacktrace information)
Command duration or timeout: 0 milliseconds
Build info: version: '3.7.1', revision: '8a0099a', time: '2017-11-06T21:07:36.161Z'
System info: host: 'Danans-MacBook-Pro.local', ip: 'fe80:0:0:0:f0:5aa4:99df:eb27%en0', os.name: 'Mac OS X', os.arch: 'x86_64', os.version: '10.13.6', java.version: '1.8.0_181'
Driver info: com.kms.katalon.selenium.driver.CChromeDriver
Capabilities {acceptInsecureCerts: false, acceptSslCerts: false, applicationCacheEnabled: false, browserConnectionEnabled: false, browserName: chrome, chrome: {chromedriverVersion: 2.35.528157 (4429ca2590d698..., userDataDir: /var/folders/f1/kfq0kt09427...}, cssSelectorsEnabled: true, databaseEnabled: false, handlesAlerts: true, hasTouchScreen: false, javascriptEnabled: true, locationContextEnabled: true, mobileEmulationEnabled: false, nativeEvents: true, networkConnectionEnabled: false, pageLoadStrategy: normal, platform: MAC, platformName: MAC, rotatable: false, setWindowRect: true, takesHeapSnapshot: true, takesScreenshot: true, unexpectedAlertBehaviour: , unhandledPromptBehavior: , version: 68.0.3440.106, webStorageEnabled: true}
Session ID: 6543bdd43fa3454b0aba22386628bc43
*** Element info: {Using=xpath, value=//*[@id="gm-checkout-shipping"]/div[2]/div[1]/div/div[2]/button})

2018-09-10 15:50:43 - [MESSAGE][WARNING] - Cannot take screenshot

2018-09-10 15:50:43 - [MESSAGE][FAILED] - Unable to click on object 'Object Repository/CheckoutPage/Button_LanjutkanPmbayaran' (Root cause: org.openqa.selenium.NoSuchWindowException: no such window: window was already closed
  (Session info: chrome=68.0.3440.106)
  (Driver info: chromedriver=2.35.528157 (4429ca2590d6988c0745c24c8858745aaaec01ef),platform=Mac OS X 10.13.6 x86_64) (WARNING: The server did not provide any stacktrace information)
Command duration or timeout: 0 milliseconds
Build info: version: '3.7.1', revision: '8a0099a', time: '2017-11-06T21:07:36.161Z'
System info: host: 'Danans-MacBook-Pro.local', ip: 'fe80:0:0:0:f0:5aa4:99df:eb27%en0', os.name: 'Mac OS X', os.arch: 'x86_64', os.version: '10.13.6', java.version: '1.8.0_181'
Driver info: com.kms.katalon.selenium.driver.CChromeDriver
Capabilities {acceptInsecureCerts: false, acceptSslCerts: false, applicationCacheEnabled: false, browserConnectionEnabled: false, browserName: chrome, chrome: {chromedriverVersion: 2.35.528157 (4429ca2590d698..., userDataDir: /var/folders/f1/kfq0kt09427...}, cssSelectorsEnabled: true, databaseEnabled: false, handlesAlerts: true, hasTouchScreen: false, javascriptEnabled: true, locationContextEnabled: true, mobileEmulationEnabled: false, nativeEvents: true, networkConnectionEnabled: false, pageLoadStrategy: normal, platform: MAC, platformName: MAC, rotatable: false, setWindowRect: true, takesHeapSnapshot: true, takesScreenshot: true, unexpectedAlertBehaviour: , unhandledPromptBehavior: , version: 68.0.3440.106, webStorageEnabled: true}
Session ID: 6543bdd43fa3454b0aba22386628bc43
*** Element info: {Using=xpath, value=//*[@id="gm-checkout-shipping"]/div[2]/div[1]/div/div[2]/button})]]></system-out>
         <system-err><![CDATA[2018-09-10 15:50:28 - [TEST_CASE][FAILED] - Test Cases/Payment/CheckoutPayment: Test Cases/Payment/CheckoutPayment FAILED because (of) Unable to click on object 'Object Repository/CheckoutPage/Button_LanjutkanPmbayaran' (Root cause: org.openqa.selenium.NoSuchWindowException: no such window: window was already closed
  (Session info: chrome=68.0.3440.106)
  (Driver info: chromedriver=2.35.528157 (4429ca2590d6988c0745c24c8858745aaaec01ef),platform=Mac OS X 10.13.6 x86_64) (WARNING: The server did not provide any stacktrace information)
Command duration or timeout: 0 milliseconds
Build info: version: '3.7.1', revision: '8a0099a', time: '2017-11-06T21:07:36.161Z'
System info: host: 'Danans-MacBook-Pro.local', ip: 'fe80:0:0:0:f0:5aa4:99df:eb27%en0', os.name: 'Mac OS X', os.arch: 'x86_64', os.version: '10.13.6', java.version: '1.8.0_181'
Driver info: com.kms.katalon.selenium.driver.CChromeDriver
Capabilities {acceptInsecureCerts: false, acceptSslCerts: false, applicationCacheEnabled: false, browserConnectionEnabled: false, browserName: chrome, chrome: {chromedriverVersion: 2.35.528157 (4429ca2590d698..., userDataDir: /var/folders/f1/kfq0kt09427...}, cssSelectorsEnabled: true, databaseEnabled: false, handlesAlerts: true, hasTouchScreen: false, javascriptEnabled: true, locationContextEnabled: true, mobileEmulationEnabled: false, nativeEvents: true, networkConnectionEnabled: false, pageLoadStrategy: normal, platform: MAC, platformName: MAC, rotatable: false, setWindowRect: true, takesHeapSnapshot: true, takesScreenshot: true, unexpectedAlertBehaviour: , unhandledPromptBehavior: , version: 68.0.3440.106, webStorageEnabled: true}
Session ID: 6543bdd43fa3454b0aba22386628bc43
*** Element info: {Using=xpath, value=//*[@id="gm-checkout-shipping"]/div[2]/div[1]/div/div[2]/button})]]></system-err>
      </testcase>
      <system-out><![CDATA[2018-09-10 15:50:04 - [TEST_SUITE][FAILED] - Login: Test Cases/Payment/AddBooktoCart FAILED because (of) Unable to click on object 'Object Repository/PDPPage/TambahKeranjang' (Root cause: org.openqa.selenium.ElementNotVisibleException: element not visible
  (Session info: chrome=68.0.3440.106)
  (Driver info: chromedriver=2.35.528157 (4429ca2590d6988c0745c24c8858745aaaec01ef),platform=Mac OS X 10.13.6 x86_64) (WARNING: The server did not provide any stacktrace information)
Command duration or timeout: 0 milliseconds
Build info: version: '3.7.1', revision: '8a0099a', time: '2017-11-06T21:07:36.161Z'
System info: host: 'Danans-MacBook-Pro.local', ip: 'fe80:0:0:0:f0:5aa4:99df:eb27%en0', os.name: 'Mac OS X', os.arch: 'x86_64', os.version: '10.13.6', java.version: '1.8.0_181'
Driver info: com.kms.katalon.selenium.driver.CChromeDriver
Capabilities {acceptInsecureCerts: false, acceptSslCerts: false, applicationCacheEnabled: false, browserConnectionEnabled: false, browserName: chrome, chrome: {chromedriverVersion: 2.35.528157 (4429ca2590d698..., userDataDir: /var/folders/f1/kfq0kt09427...}, cssSelectorsEnabled: true, databaseEnabled: false, handlesAlerts: true, hasTouchScreen: false, javascriptEnabled: true, locationContextEnabled: true, mobileEmulationEnabled: false, nativeEvents: true, networkConnectionEnabled: false, pageLoadStrategy: normal, platform: MAC, platformName: MAC, rotatable: false, setWindowRect: true, takesHeapSnapshot: true, takesScreenshot: true, unexpectedAlertBehaviour: , unhandledPromptBehavior: , version: 68.0.3440.106, webStorageEnabled: true}
Session ID: 6543bdd43fa3454b0aba22386628bc43)]]></system-out>
      <system-err><![CDATA[2018-09-10 15:50:04 - [TEST_SUITE][FAILED] - Login: Test Cases/Payment/AddBooktoCart FAILED because (of) Unable to click on object 'Object Repository/PDPPage/TambahKeranjang' (Root cause: org.openqa.selenium.ElementNotVisibleException: element not visible
  (Session info: chrome=68.0.3440.106)
  (Driver info: chromedriver=2.35.528157 (4429ca2590d6988c0745c24c8858745aaaec01ef),platform=Mac OS X 10.13.6 x86_64) (WARNING: The server did not provide any stacktrace information)
Command duration or timeout: 0 milliseconds
Build info: version: '3.7.1', revision: '8a0099a', time: '2017-11-06T21:07:36.161Z'
System info: host: 'Danans-MacBook-Pro.local', ip: 'fe80:0:0:0:f0:5aa4:99df:eb27%en0', os.name: 'Mac OS X', os.arch: 'x86_64', os.version: '10.13.6', java.version: '1.8.0_181'
Driver info: com.kms.katalon.selenium.driver.CChromeDriver
Capabilities {acceptInsecureCerts: false, acceptSslCerts: false, applicationCacheEnabled: false, browserConnectionEnabled: false, browserName: chrome, chrome: {chromedriverVersion: 2.35.528157 (4429ca2590d698..., userDataDir: /var/folders/f1/kfq0kt09427...}, cssSelectorsEnabled: true, databaseEnabled: false, handlesAlerts: true, hasTouchScreen: false, javascriptEnabled: true, locationContextEnabled: true, mobileEmulationEnabled: false, nativeEvents: true, networkConnectionEnabled: false, pageLoadStrategy: normal, platform: MAC, platformName: MAC, rotatable: false, setWindowRect: true, takesHeapSnapshot: true, takesScreenshot: true, unexpectedAlertBehaviour: , unhandledPromptBehavior: , version: 68.0.3440.106, webStorageEnabled: true}
Session ID: 6543bdd43fa3454b0aba22386628bc43)]]></system-err>
   </testsuite>
</testsuites>
